


ARM Macro Assembler    Page 1 


    1 00000000                 AREA             |.text|, CODE, READONLY, ALIGN=
2
    2 00000000                 THUMB
    3 00000000                 EXTERN           current_tcb
    4 00000000                 EXPORT           SysTick_Handler
    5 00000000                 EXPORT           osSchedulerLaunch
    6 00000000         
    7 00000000         
    8 00000000         SysTick_Handler                      ;save r0,r1,r2,r3,r
                                                            12,lr,pc,psr      
    9 00000000 B672            CPSID            I           ;Disables the INTR
   10 00000002 E92D 0FF0       PUSH             {R4-R11}    ;save r4,r5,r6,r7,r
                                                            8,r9,r10,r11   
   11 00000006 480D            LDR              R0, =current_tcb ; R0=current_t
                                                            cb(which is a point
                                                            er       
   12 00000008 6801            LDR              R1, [R0]    ; r1= currentPt   
   13 0000000A F8C1 D000       STR              SP, [R1]
   14 0000000E 6849            LDR              R1, [R1,#4] ; r1 =currentPt->ne
                                                            xt   
   15 00000010 6001            STR              R1, [R0]    ;currentPt =r1   
   16 00000012 F8D1 D000       LDR              SP, [R1]    ;SP= currentPt->sta
                                                            ckPt   
   17 00000016 E8BD 0FF0       POP              {R4-R11}
   18 0000001A B662            CPSIE            I
   19 0000001C 4770            BX               LR
   20 0000001E         
   21 0000001E         
   22 0000001E         
   23 0000001E         osSchedulerLaunch
   24 0000001E 4807            LDR              R0, =current_tcb
   25 00000020 6802            LDR              R2, [R0]    ; R2 =currentPt    
                                                               
   26 00000022 F8D2 D000       LDR              SP, [R2]    ;SP = currentPt->st
                                                            ackPt    
   27 00000026 E8BD 0FF0       POP              {R4-R11}
   28 0000002A BC0F            POP              {R0-R3}
   29 0000002C F85D CB04       POP              {R12}
   30 00000030 B001            ADD              SP,SP,#4
   31 00000032 F85D EB04       POP              {LR}
   32 00000036 B001            ADD              SP,SP,#4
   33 00000038 B662            CPSIE            I
   34 0000003A 4770            BX               LR
   35 0000003C         
   36 0000003C                 ALIGN
   37 0000003C                 END
              00000000 
Command Line: --debug --xref --diag_suppress=9931 --cpu=Cortex-M4 --apcs=interw
ork --depend=.\objects\oskernel_1.d -o.\objects\oskernel_1.o -I.\RTE\_stm32_f44
6RE -IC:\Keil_v5\ARM\PACK\ARM\CMSIS\5.4.0\CMSIS\Core\Include -IC:\Keil_v5\ARM\P
ACK\Keil\STM32F4xx_DFP\2.13.0\Drivers\CMSIS\Device\ST\STM32F4xx\Include --prede
fine="__EVAL SETA 1" --predefine="__UVISION_VERSION SETA 526" --predefine="_RTE
_ SETA 1" --predefine="STM32F446xx SETA 1" --list=.\listings\oskernel.lst osKer
nel.s



ARM Macro Assembler    Page 1 Alphabetic symbol ordering
Relocatable symbols

.text 00000000

Symbol: .text
   Definitions
      At line 1 in file osKernel.s
   Uses
      None
Comment: .text unused
SysTick_Handler 00000000

Symbol: SysTick_Handler
   Definitions
      At line 8 in file osKernel.s
   Uses
      At line 4 in file osKernel.s
Comment: SysTick_Handler used once
osSchedulerLaunch 0000001E

Symbol: osSchedulerLaunch
   Definitions
      At line 23 in file osKernel.s
   Uses
      At line 5 in file osKernel.s
Comment: osSchedulerLaunch used once
3 symbols



ARM Macro Assembler    Page 1 Alphabetic symbol ordering
External symbols

current_tcb 00000000

Symbol: current_tcb
   Definitions
      At line 3 in file osKernel.s
   Uses
      At line 11 in file osKernel.s
      At line 24 in file osKernel.s

1 symbol
340 symbols in table
